This file contains any messages produced by compilers while
running configure, to aid debugging if configure makes a mistake.

It was created by GPShell configure 1.4.4, which was
generated by GNU Autoconf 2.65.  Invocation command line was

  $ ./configure --prefix=/usr/local

## --------- ##
## Platform. ##
## --------- ##

hostname = localhost.localdomain
uname -m = x86_64
uname -r = 3.10.0-327.36.3.el7.x86_64
uname -s = Linux
uname -v = #1 SMP Mon Oct 24 16:09:20 UTC 2016

/usr/bin/uname -p = x86_64
/bin/uname -X     = unknown

/bin/arch              = x86_64
/usr/bin/arch -k       = unknown
/usr/convex/getsysinfo = unknown
/usr/bin/hostinfo      = unknown
/bin/machine           = unknown
/usr/bin/oslevel       = unknown
/bin/universe          = unknown

PATH: /usr/lib64/qt-3.3/bin
PATH: /usr/local/sbin
PATH: /usr/local/bin
PATH: /sbin
PATH: /bin
PATH: /usr/sbin
PATH: /usr/bin
PATH: /root/bin


## ----------- ##
## Core tests. ##
## ----------- ##

configure:2188: checking build system type
configure:2202: result: x86_64-unknown-linux-gnu
configure:2222: checking host system type
configure:2235: result: x86_64-unknown-linux-gnu
configure:2272: checking for a BSD-compatible install
configure:2340: result: /bin/install -c
configure:2351: checking whether build environment is sane
configure:2401: result: yes
configure:2542: checking for a thread-safe mkdir -p
configure:2581: result: /bin/mkdir -p
configure:2594: checking for gawk
configure:2610: found /bin/gawk
configure:2621: result: gawk
configure:2632: checking whether make sets $(MAKE)
configure:2654: result: yes
configure:2784: checking for gcc
configure:2800: found /bin/gcc
configure:2811: result: gcc
configure:3040: checking for C compiler version
configure:3049: gcc --version >&5
gcc (GCC) 4.8.5 20150623 (Red Hat 4.8.5-4)
Copyright (C) 2015 Free Software Foundation, Inc.
This is free software; see the source for copying conditions.  There is NO
warranty; not even for MERCHANTABILITY or FITNESS FOR A PARTICULAR PURPOSE.

configure:3060: $? = 0
configure:3049: gcc -v >&5
Using built-in specs.
COLLECT_GCC=gcc
COLLECT_LTO_WRAPPER=/usr/libexec/gcc/x86_64-redhat-linux/4.8.5/lto-wrapper
Target: x86_64-redhat-linux
Configured with: ../configure --prefix=/usr --mandir=/usr/share/man --infodir=/usr/share/info --with-bugurl=http://bugzilla.redhat.com/bugzilla --enable-bootstrap --enable-shared --enable-threads=posix --enable-checking=release --with-system-zlib --enable-__cxa_atexit --disable-libunwind-exceptions --enable-gnu-unique-object --enable-linker-build-id --with-linker-hash-style=gnu --enable-languages=c,c++,objc,obj-c++,java,fortran,ada,go,lto --enable-plugin --enable-initfini-array --disable-libgcj --with-isl=/builddir/build/BUILD/gcc-4.8.5-20150702/obj-x86_64-redhat-linux/isl-install --with-cloog=/builddir/build/BUILD/gcc-4.8.5-20150702/obj-x86_64-redhat-linux/cloog-install --enable-gnu-indirect-function --with-tune=generic --with-arch_32=x86-64 --build=x86_64-redhat-linux
Thread model: posix
gcc version 4.8.5 20150623 (Red Hat 4.8.5-4) (GCC) 
configure:3060: $? = 0
configure:3049: gcc -V >&5
gcc: error: unrecognized command line option '-V'
gcc: fatal error: no input files
compilation terminated.
configure:3060: $? = 4
configure:3049: gcc -qversion >&5
gcc: error: unrecognized command line option '-qversion'
gcc: fatal error: no input files
compilation terminated.
configure:3060: $? = 4
configure:3080: checking whether the C compiler works
configure:3102: gcc    conftest.c  >&5
configure:3106: $? = 0
configure:3155: result: yes
configure:3158: checking for C compiler default output file name
configure:3160: result: a.out
configure:3166: checking for suffix of executables
configure:3173: gcc -o conftest    conftest.c  >&5
configure:3177: $? = 0
configure:3199: result: 
configure:3221: checking whether we are cross compiling
configure:3229: gcc -o conftest    conftest.c  >&5
configure:3233: $? = 0
configure:3240: ./conftest
configure:3244: $? = 0
configure:3259: result: no
configure:3264: checking for suffix of object files
configure:3286: gcc -c   conftest.c >&5
configure:3290: $? = 0
configure:3311: result: o
configure:3315: checking whether we are using the GNU C compiler
configure:3334: gcc -c   conftest.c >&5
configure:3334: $? = 0
configure:3343: result: yes
configure:3352: checking whether gcc accepts -g
configure:3372: gcc -c -g  conftest.c >&5
configure:3372: $? = 0
configure:3413: result: yes
configure:3430: checking for gcc option to accept ISO C89
configure:3494: gcc  -c -g -O2  conftest.c >&5
configure:3494: $? = 0
configure:3507: result: none needed
configure:3538: checking for style of include used by make
configure:3566: result: GNU
configure:3591: checking dependency style of gcc
configure:3701: result: gcc3
configure:3721: checking how to run the C preprocessor
configure:3752: gcc -E  conftest.c
configure:3752: $? = 0
configure:3766: gcc -E  conftest.c
conftest.c:11:28: fatal error: ac_nonexistent.h: No such file or directory
 #include <ac_nonexistent.h>
                            ^
compilation terminated.
configure:3766: $? = 1
configure: failed program was:
| /* confdefs.h */
| #define PACKAGE_NAME "GPShell"
| #define PACKAGE_TARNAME "gpshell"
| #define PACKAGE_VERSION "1.4.4"
| #define PACKAGE_STRING "GPShell 1.4.4"
| #define PACKAGE_BUGREPORT "Karsten Ohme <k_o_@users.sourceforge.net> or snitmo@gmail.com"
| #define PACKAGE_URL ""
| #define PACKAGE "gpshell"
| #define VERSION "1.4.4"
| /* end confdefs.h.  */
| #include <ac_nonexistent.h>
configure:3791: result: gcc -E
configure:3811: gcc -E  conftest.c
configure:3811: $? = 0
configure:3825: gcc -E  conftest.c
conftest.c:11:28: fatal error: ac_nonexistent.h: No such file or directory
 #include <ac_nonexistent.h>
                            ^
compilation terminated.
configure:3825: $? = 1
configure: failed program was:
| /* confdefs.h */
| #define PACKAGE_NAME "GPShell"
| #define PACKAGE_TARNAME "gpshell"
| #define PACKAGE_VERSION "1.4.4"
| #define PACKAGE_STRING "GPShell 1.4.4"
| #define PACKAGE_BUGREPORT "Karsten Ohme <k_o_@users.sourceforge.net> or snitmo@gmail.com"
| #define PACKAGE_URL ""
| #define PACKAGE "gpshell"
| #define VERSION "1.4.4"
| /* end confdefs.h.  */
| #include <ac_nonexistent.h>
configure:3856: checking whether gcc and cc understand -c and -o together
configure:3887: gcc -c conftest.c -o conftest2.o >&5
configure:3891: $? = 0
configure:3897: gcc -c conftest.c -o conftest2.o >&5
configure:3901: $? = 0
configure:3912: cc -c conftest.c >&5
configure:3916: $? = 0
configure:3924: cc -c conftest.c -o conftest2.o >&5
configure:3928: $? = 0
configure:3934: cc -c conftest.c -o conftest2.o >&5
configure:3938: $? = 0
configure:3956: result: yes
configure:3985: checking for grep that handles long lines and -e
configure:4043: result: /bin/grep
configure:4048: checking for egrep
configure:4110: result: /bin/grep -E
configure:4115: checking for ANSI C header files
configure:4135: gcc -c -g -O2  conftest.c >&5
configure:4135: $? = 0
configure:4208: gcc -o conftest -g -O2   conftest.c  >&5
configure:4208: $? = 0
configure:4208: ./conftest
configure:4208: $? = 0
configure:4219: result: yes
configure:4227: checking whether stat file-mode macros are broken
configure:4254: gcc -c -g -O2  conftest.c >&5
configure:4254: $? = 0
configure:4261: result: no
configure:4269: checking for stdio.h
configure:4269: gcc -c -g -O2  conftest.c >&5
conftest.c:12:1: error: unknown type name 'as_fn_error'
 as_fn_error stdio.h
 ^
conftest.c:12:18: error: expected '=', ',', ';', 'asm' or '__attribute__' before '.' token
 as_fn_error stdio.h
                  ^
In file included from /usr/include/stdio.h:74:0,
                 from conftest.c:13:
/usr/include/libio.h:307:3: error: unknown type name 'size_t'
   size_t __pad5;
   ^
/usr/include/libio.h:311:67: error: 'size_t' undeclared here (not in a function)
   char _unused2[15 * sizeof (int) - 4 * sizeof (void *) - sizeof (size_t)];
                                                                   ^
/usr/include/libio.h:339:62: error: expected declaration specifiers or '...' before 'size_t'
 typedef __ssize_t __io_read_fn (void *__cookie, char *__buf, size_t __nbytes);
                                                              ^
/usr/include/libio.h:348:6: error: expected declaration specifiers or '...' before 'size_t'
      size_t __n);
      ^
/usr/include/libio.h:470:19: error: expected '=', ',', ';', 'asm' or '__attribute__' before '_IO_sgetn'
 extern _IO_size_t _IO_sgetn (_IO_FILE *, void *, _IO_size_t);
                   ^
In file included from conftest.c:13:0:
/usr/include/stdio.h:319:35: error: expected declaration specifiers or '...' before 'size_t'
 extern FILE *fmemopen (void *__s, size_t __len, const char *__modes)
                                   ^
/usr/include/stdio.h:325:47: error: expected declaration specifiers or '...' before 'size_t'
 extern FILE *open_memstream (char **__bufloc, size_t *__sizeloc) __THROW __wur;
                                               ^
/usr/include/stdio.h:337:20: error: expected declaration specifiers or '...' before 'size_t'
       int __modes, size_t __n) __THROW;
                    ^
/usr/include/stdio.h:344:10: error: expected declaration specifiers or '...' before 'size_t'
          size_t __size) __THROW;
          ^
/usr/include/stdio.h:386:44: error: expected declaration specifiers or '...' before 'size_t'
 extern int snprintf (char *__restrict __s, size_t __maxlen,
                                            ^
/usr/include/stdio.h:390:45: error: expected declaration specifiers or '...' before 'size_t'
 extern int vsnprintf (char *__restrict __s, size_t __maxlen,
                                             ^
/usr/include/stdio.h:666:11: error: expected declaration specifiers or '...' before 'size_t'
           size_t *__restrict __n, int __delimiter,
           ^
/usr/include/stdio.h:669:9: error: expected declaration specifiers or '...' before 'size_t'
         size_t *__restrict __n, int __delimiter,
         ^
/usr/include/stdio.h:679:8: error: expected declaration specifiers or '...' before 'size_t'
        size_t *__restrict __n,
        ^
/usr/include/stdio.h:709:15: error: expected '=', ',', ';', 'asm' or '__attribute__' before 'fread'
 extern size_t fread (void *__restrict __ptr, size_t __size,
               ^
/usr/include/stdio.h:715:15: error: expected '=', ',', ';', 'asm' or '__attribute__' before 'fwrite'
 extern size_t fwrite (const void *__restrict __ptr, size_t __size,
               ^
/usr/include/stdio.h:737:15: error: expected '=', ',', ';', 'asm' or '__attribute__' before 'fread_unlocked'
 extern size_t fread_unlocked (void *__restrict __ptr, size_t __size,
               ^
/usr/include/stdio.h:739:15: error: expected '=', ',', ';', 'asm' or '__attribute__' before 'fwrite_unlocked'
 extern size_t fwrite_unlocked (const void *__restrict __ptr, size_t __size,
               ^
configure:4269: $? = 1
configure: failed program was:
| /* confdefs.h */
| #define PACKAGE_NAME "GPShell"
| #define PACKAGE_TARNAME "gpshell"
| #define PACKAGE_VERSION "1.4.4"
| #define PACKAGE_STRING "GPShell 1.4.4"
| #define PACKAGE_BUGREPORT "Karsten Ohme <k_o_@users.sourceforge.net> or snitmo@gmail.com"
| #define PACKAGE_URL ""
| #define PACKAGE "gpshell"
| #define VERSION "1.4.4"
| #define STDC_HEADERS 1
| /* end confdefs.h.  */
| as_fn_error stdio.h
| #include <stdio.h>
configure:4269: result: no
configure:4276: checking for fcntl.h
configure:4276: gcc -c -g -O2  conftest.c >&5
conftest.c:12:1: error: unknown type name 'as_fn_error'
 as_fn_error fcntl.h
 ^
conftest.c:12:18: error: expected '=', ',', ';', 'asm' or '__attribute__' before '.' token
 as_fn_error fcntl.h
                  ^
configure:4276: $? = 1
configure: failed program was:
| /* confdefs.h */
| #define PACKAGE_NAME "GPShell"
| #define PACKAGE_TARNAME "gpshell"
| #define PACKAGE_VERSION "1.4.4"
| #define PACKAGE_STRING "GPShell 1.4.4"
| #define PACKAGE_BUGREPORT "Karsten Ohme <k_o_@users.sourceforge.net> or snitmo@gmail.com"
| #define PACKAGE_URL ""
| #define PACKAGE "gpshell"
| #define VERSION "1.4.4"
| #define STDC_HEADERS 1
| /* end confdefs.h.  */
| as_fn_error fcntl.h
| #include <fcntl.h>
configure:4276: result: no
configure:4283: checking for io.h
configure:4283: gcc -c -g -O2  conftest.c >&5
conftest.c:12:1: error: unknown type name 'as_fn_error'
 as_fn_error io.h
 ^
conftest.c:12:15: error: expected '=', ',', ';', 'asm' or '__attribute__' before '.' token
 as_fn_error io.h
               ^
conftest.c:13:16: fatal error: io.h: No such file or directory
 #include <io.h>
                ^
compilation terminated.
configure:4283: $? = 1
configure: failed program was:
| /* confdefs.h */
| #define PACKAGE_NAME "GPShell"
| #define PACKAGE_TARNAME "gpshell"
| #define PACKAGE_VERSION "1.4.4"
| #define PACKAGE_STRING "GPShell 1.4.4"
| #define PACKAGE_BUGREPORT "Karsten Ohme <k_o_@users.sourceforge.net> or snitmo@gmail.com"
| #define PACKAGE_URL ""
| #define PACKAGE "gpshell"
| #define VERSION "1.4.4"
| #define STDC_HEADERS 1
| /* end confdefs.h.  */
| as_fn_error io.h
| #include <io.h>
configure:4283: result: no
configure:4297: checking for sys/types.h
configure:4297: gcc -c -g -O2  conftest.c >&5
configure:4297: $? = 0
configure:4297: result: yes
configure:4297: checking for sys/stat.h
configure:4297: gcc -c -g -O2  conftest.c >&5
configure:4297: $? = 0
configure:4297: result: yes
configure:4297: checking for stdlib.h
configure:4297: gcc -c -g -O2  conftest.c >&5
configure:4297: $? = 0
configure:4297: result: yes
configure:4297: checking for string.h
configure:4297: gcc -c -g -O2  conftest.c >&5
configure:4297: $? = 0
configure:4297: result: yes
configure:4297: checking for memory.h
configure:4297: gcc -c -g -O2  conftest.c >&5
configure:4297: $? = 0
configure:4297: result: yes
configure:4297: checking for strings.h
configure:4297: gcc -c -g -O2  conftest.c >&5
configure:4297: $? = 0
configure:4297: result: yes
configure:4297: checking for inttypes.h
configure:4297: gcc -c -g -O2  conftest.c >&5
configure:4297: $? = 0
configure:4297: result: yes
configure:4297: checking for stdint.h
configure:4297: gcc -c -g -O2  conftest.c >&5
configure:4297: $? = 0
configure:4297: result: yes
configure:4297: checking for unistd.h
configure:4297: gcc -c -g -O2  conftest.c >&5
configure:4297: $? = 0
configure:4297: result: yes
configure:4310: checking whether lstat correctly handles trailing slash
configure:4336: gcc -o conftest -g -O2   conftest.c  >&5
configure:4336: $? = 0
configure:4336: ./conftest
configure:4336: $? = 0
configure:4353: result: yes
configure:4372: checking whether stat accepts an empty string
configure:4392: gcc -o conftest -g -O2   conftest.c  >&5
configure:4392: $? = 0
configure:4392: ./conftest
configure:4392: $? = 0
configure:4402: result: no
configure:4420: checking for stdlib.h
configure:4420: result: yes
configure:4430: checking for GNU libc compatible malloc
configure:4454: gcc -o conftest -g -O2   conftest.c  >&5
configure:4454: $? = 0
configure:4454: ./conftest
configure:4454: $? = 0
configure:4464: result: yes
configure:4488: checking for atoi
configure:4488: gcc -o conftest -g -O2   conftest.c  >&5
configure:4488: $? = 0
configure:4488: result: yes
configure:4488: checking for fgets
configure:4488: gcc -o conftest -g -O2   conftest.c  >&5
configure:4488: $? = 0
configure:4488: result: yes
configure:4501: checking CFLAGS for maximum warnings
configure:4528: gcc -c -g -O2 -pedantic  -Wall  conftest.c >&5
configure:4528: $? = 0
configure:4542: result: -Wall
configure:4555: : CFLAGS="$CFLAGS $ac_cv_cflags_warn_all"
configure:4558: $? = 0
configure:4632: checking for pkg-config
configure:4650: found /bin/pkg-config
configure:4662: result: /bin/pkg-config
configure:4687: checking pkg-config is at least version 0.9.0
configure:4690: result: yes
configure:4701: checking for PCSCLITE
configure:4709: $PKG_CONFIG --exists --print-errors "libpcsclite >= 1.2.9-beta7"
configure:4712: $? = 0
configure:4727: $PKG_CONFIG --exists --print-errors "libpcsclite >= 1.2.9-beta7"
configure:4730: $? = 0
configure:4780: result: yes
configure:4803: checking winscard.h usability
configure:4803: gcc -c -g -O2 -Wall -pthread -I/usr/include/PCSC    conftest.c >&5
configure:4803: $? = 0
configure:4803: result: yes
configure:4803: checking winscard.h presence
configure:4803: gcc -E  conftest.c
In file included from conftest.c:26:0:
/usr/local/include/winscard.h:41:22: fatal error: pcsclite.h: No such file or directory
 #include <pcsclite.h>
                      ^
compilation terminated.
configure:4803: $? = 1
configure: failed program was:
| /* confdefs.h */
| #define PACKAGE_NAME "GPShell"
| #define PACKAGE_TARNAME "gpshell"
| #define PACKAGE_VERSION "1.4.4"
| #define PACKAGE_STRING "GPShell 1.4.4"
| #define PACKAGE_BUGREPORT "Karsten Ohme <k_o_@users.sourceforge.net> or snitmo@gmail.com"
| #define PACKAGE_URL ""
| #define PACKAGE "gpshell"
| #define VERSION "1.4.4"
| #define STDC_HEADERS 1
| #define HAVE_SYS_TYPES_H 1
| #define HAVE_SYS_STAT_H 1
| #define HAVE_STDLIB_H 1
| #define HAVE_STRING_H 1
| #define HAVE_MEMORY_H 1
| #define HAVE_STRINGS_H 1
| #define HAVE_INTTYPES_H 1
| #define HAVE_STDINT_H 1
| #define HAVE_UNISTD_H 1
| #define LSTAT_FOLLOWS_SLASHED_SYMLINK 1
| #define HAVE_STDLIB_H 1
| #define HAVE_MALLOC 1
| #define HAVE_ATOI 1
| #define HAVE_FGETS 1
| /* end confdefs.h.  */
| #include <winscard.h>
configure:4803: result: no
configure:4803: WARNING: winscard.h: accepted by the compiler, rejected by the preprocessor!
configure:4803: WARNING: winscard.h: proceeding with the compiler's result
configure:4803: checking for winscard.h
configure:4803: result: yes
configure:4863: checking for GLOBALPLATFORM
configure:4871: $PKG_CONFIG --exists --print-errors "globalplatform >= 6.0.0"
Package globalplatform was not found in the pkg-config search path.
Perhaps you should add the directory containing `globalplatform.pc'
to the PKG_CONFIG_PATH environment variable
No package 'globalplatform' found
configure:4874: $? = 1
configure:4889: $PKG_CONFIG --exists --print-errors "globalplatform >= 6.0.0"
Package globalplatform was not found in the pkg-config search path.
Perhaps you should add the directory containing `globalplatform.pc'
to the PKG_CONFIG_PATH environment variable
No package 'globalplatform' found
configure:4892: $? = 1
No package 'globalplatform' found
configure:4920: result: no
configure:4923: error: install GlobalPlatform 6.0.0 or later

## ---------------- ##
## Cache variables. ##
## ---------------- ##

ac_cv_build=x86_64-unknown-linux-gnu
ac_cv_c_compiler_gnu=yes
ac_cv_cflags_warn_all=-Wall
ac_cv_env_CC_set=
ac_cv_env_CC_value=
ac_cv_env_CFLAGS_set=
ac_cv_env_CFLAGS_value=
ac_cv_env_CPPFLAGS_set=
ac_cv_env_CPPFLAGS_value=
ac_cv_env_CPP_set=
ac_cv_env_CPP_value=
ac_cv_env_GLOBALPLATFORM_CFLAGS_set=
ac_cv_env_GLOBALPLATFORM_CFLAGS_value=
ac_cv_env_GLOBALPLATFORM_H_PATH_set=
ac_cv_env_GLOBALPLATFORM_H_PATH_value=
ac_cv_env_GLOBALPLATFORM_LIBS_set=
ac_cv_env_GLOBALPLATFORM_LIBS_value=
ac_cv_env_GLOBALPLATFORM_LIB_PATH_set=
ac_cv_env_GLOBALPLATFORM_LIB_PATH_value=
ac_cv_env_LDFLAGS_set=
ac_cv_env_LDFLAGS_value=
ac_cv_env_LIBS_set=
ac_cv_env_LIBS_value=
ac_cv_env_PCSCLITE_CFLAGS_set=
ac_cv_env_PCSCLITE_CFLAGS_value=
ac_cv_env_PCSCLITE_H_PATH_set=
ac_cv_env_PCSCLITE_H_PATH_value=
ac_cv_env_PCSCLITE_LIBS_set=
ac_cv_env_PCSCLITE_LIBS_value=
ac_cv_env_PKG_CONFIG_set=
ac_cv_env_PKG_CONFIG_value=
ac_cv_env_WINSCARD_LIB_PATH_set=
ac_cv_env_WINSCARD_LIB_PATH_value=
ac_cv_env_build_alias_set=
ac_cv_env_build_alias_value=
ac_cv_env_host_alias_set=
ac_cv_env_host_alias_value=
ac_cv_env_target_alias_set=
ac_cv_env_target_alias_value=
ac_cv_func_atoi=yes
ac_cv_func_fgets=yes
ac_cv_func_lstat_dereferences_slashed_symlink=yes
ac_cv_func_malloc_0_nonnull=yes
ac_cv_func_stat_empty_string_bug=no
ac_cv_header_fcntl_h=no
ac_cv_header_inttypes_h=yes
ac_cv_header_io_h=no
ac_cv_header_memory_h=yes
ac_cv_header_stat_broken=no
ac_cv_header_stdc=yes
ac_cv_header_stdint_h=yes
ac_cv_header_stdio_h=no
ac_cv_header_stdlib_h=yes
ac_cv_header_string_h=yes
ac_cv_header_strings_h=yes
ac_cv_header_sys_stat_h=yes
ac_cv_header_sys_types_h=yes
ac_cv_header_unistd_h=yes
ac_cv_header_winscard_h=yes
ac_cv_host=x86_64-unknown-linux-gnu
ac_cv_objext=o
ac_cv_path_EGREP='/bin/grep -E'
ac_cv_path_GREP=/bin/grep
ac_cv_path_ac_pt_PKG_CONFIG=/bin/pkg-config
ac_cv_path_install='/bin/install -c'
ac_cv_path_mkdir=/bin/mkdir
ac_cv_prog_AWK=gawk
ac_cv_prog_CPP='gcc -E'
ac_cv_prog_ac_ct_CC=gcc
ac_cv_prog_cc_c89=
ac_cv_prog_cc_g=yes
ac_cv_prog_cc_gcc_c_o=yes
ac_cv_prog_make_make_set=yes
am_cv_CC_dependencies_compiler_type=gcc3
pkg_cv_PCSCLITE_CFLAGS='-pthread -I/usr/include/PCSC  '
pkg_cv_PCSCLITE_LIBS='-lpcsclite  '

## ----------------- ##
## Output variables. ##
## ----------------- ##

ACLOCAL='${SHELL} /root/projetFinal/apps/installSmartCard/gpshell-1.4.4/myaux/missing --run aclocal-1.11'
AMDEPBACKSLASH='\'
AMDEP_FALSE='#'
AMDEP_TRUE=''
AMTAR='${SHELL} /root/projetFinal/apps/installSmartCard/gpshell-1.4.4/myaux/missing --run tar'
AUTOCONF='${SHELL} /root/projetFinal/apps/installSmartCard/gpshell-1.4.4/myaux/missing --run autoconf'
AUTOHEADER='${SHELL} /root/projetFinal/apps/installSmartCard/gpshell-1.4.4/myaux/missing --run autoheader'
AUTOMAKE='${SHELL} /root/projetFinal/apps/installSmartCard/gpshell-1.4.4/myaux/missing --run automake-1.11'
AWK='gawk'
CC='gcc'
CCDEPMODE='depmode=gcc3'
CFLAGS='-g -O2 -Wall'
CPP='gcc -E'
CPPFLAGS=''
CYGPATH_W='echo'
DEFS=''
DEPDIR='.deps'
ECHO_C=''
ECHO_N='-n'
ECHO_T=''
EGREP='/bin/grep -E'
EXEEXT=''
GLOBALPLATFORM_CFLAGS=''
GLOBALPLATFORM_H_PATH=''
GLOBALPLATFORM_LIBS=''
GLOBALPLATFORM_LIB_PATH=''
GREP='/bin/grep'
INSTALL_DATA='${INSTALL} -m 644'
INSTALL_PROGRAM='${INSTALL}'
INSTALL_SCRIPT='${INSTALL}'
INSTALL_STRIP_PROGRAM='$(install_sh) -c -s'
LDFLAGS=''
LIBOBJS=''
LIBS=''
LTLIBOBJS=''
MAKEINFO='${SHELL} /root/projetFinal/apps/installSmartCard/gpshell-1.4.4/myaux/missing --run makeinfo'
MKDIR_P='/bin/mkdir -p'
OBJEXT='o'
PACKAGE='gpshell'
PACKAGE_BUGREPORT='Karsten Ohme <k_o_@users.sourceforge.net> or snitmo@gmail.com'
PACKAGE_NAME='GPShell'
PACKAGE_STRING='GPShell 1.4.4'
PACKAGE_TARNAME='gpshell'
PACKAGE_URL=''
PACKAGE_VERSION='1.4.4'
PATH_SEPARATOR=':'
PCSCLITE_CFLAGS='-pthread -I/usr/include/PCSC  '
PCSCLITE_H_PATH=''
PCSCLITE_LIBS='-lpcsclite  '
PKG_CONFIG='/bin/pkg-config'
SET_MAKE=''
SHELL='/bin/sh'
STRIP=''
VERSION='1.4.4'
WINSCARD_LIB_PATH=''
ac_ct_CC='gcc'
am__EXEEXT_FALSE=''
am__EXEEXT_TRUE=''
am__fastdepCC_FALSE='#'
am__fastdepCC_TRUE=''
am__include='include'
am__isrc=''
am__leading_dot='.'
am__quote=''
am__tar='${AMTAR} chof - "$$tardir"'
am__untar='${AMTAR} xf -'
bindir='${exec_prefix}/bin'
build='x86_64-unknown-linux-gnu'
build_alias=''
build_cpu='x86_64'
build_os='linux-gnu'
build_vendor='unknown'
datadir='${datarootdir}'
datarootdir='${prefix}/share'
docdir='${datarootdir}/doc/${PACKAGE_TARNAME}'
dvidir='${docdir}'
exec_prefix='NONE'
host='x86_64-unknown-linux-gnu'
host_alias=''
host_cpu='x86_64'
host_os='linux-gnu'
host_vendor='unknown'
htmldir='${docdir}'
includedir='${prefix}/include'
infodir='${datarootdir}/info'
install_sh='${SHELL} /root/projetFinal/apps/installSmartCard/gpshell-1.4.4/myaux/install-sh'
libdir='${exec_prefix}/lib'
libexecdir='${exec_prefix}/libexec'
localedir='${datarootdir}/locale'
localstatedir='${prefix}/var'
mandir='${datarootdir}/man'
mkdir_p='/bin/mkdir -p'
oldincludedir='/usr/include'
pdfdir='${docdir}'
prefix='/usr/local'
program_transform_name='s,x,x,'
psdir='${docdir}'
sbindir='${exec_prefix}/sbin'
sharedstatedir='${prefix}/com'
sysconfdir='${prefix}/etc'
target_alias=''

## ----------- ##
## confdefs.h. ##
## ----------- ##

/* confdefs.h */
#define PACKAGE_NAME "GPShell"
#define PACKAGE_TARNAME "gpshell"
#define PACKAGE_VERSION "1.4.4"
#define PACKAGE_STRING "GPShell 1.4.4"
#define PACKAGE_BUGREPORT "Karsten Ohme <k_o_@users.sourceforge.net> or snitmo@gmail.com"
#define PACKAGE_URL ""
#define PACKAGE "gpshell"
#define VERSION "1.4.4"
#define STDC_HEADERS 1
#define HAVE_SYS_TYPES_H 1
#define HAVE_SYS_STAT_H 1
#define HAVE_STDLIB_H 1
#define HAVE_STRING_H 1
#define HAVE_MEMORY_H 1
#define HAVE_STRINGS_H 1
#define HAVE_INTTYPES_H 1
#define HAVE_STDINT_H 1
#define HAVE_UNISTD_H 1
#define LSTAT_FOLLOWS_SLASHED_SYMLINK 1
#define HAVE_STDLIB_H 1
#define HAVE_MALLOC 1
#define HAVE_ATOI 1
#define HAVE_FGETS 1

configure: exit 1
